<?xml version="1.0" encoding="UTF-8"?>
<!-- Generated by org.testng.reporters.JUnitXMLReporter -->
<testsuite ignored="0" hostname="INBOOK_X1_SLIM" failures="0" tests="6" name="Test Runner 2" time="0.146" errors="0" timestamp="2023-03-27T15:50:57 IST">
  <testcase classname="distributtedParallelExecution.Test3" name="demo1" time="0.012"/>
  <testcase classname="distributtedParallelExecution.Test3" name="demo2" time="0.017"/>
  <testcase classname="distributtedParallelExecution.Test3" name="demo3" time="0.002"/>
  <testcase classname="distributtedParallelExecution.Test4" name="demo1" time="0.006"/>
  <testcase classname="distributtedParallelExecution.Test4" name="demo2" time="0.009"/>
  <testcase classname="distributtedParallelExecution.Test4" name="demo3" time="0.001"/>
</testsuite> <!-- Test Runner 2 -->
