<?xml version="1.0" encoding="UTF-8"?>
<!-- Generated by org.testng.reporters.JUnitXMLReporter -->
<testsuite ignored="0" hostname="INBOOK_X1_SLIM" failures="0" tests="2" name="Test3" time="8.803" errors="0" timestamp="2023-02-09T20:39:32 IST">
  <testcase classname="crossBrowserParallelExecution.BaseClass" name="@BeforeMethod methodSetup" time="0.454">
    <failure type="java.lang.IllegalStateException" message="The path to the driver executable The path to the driver executable must be set by the webdriver.edge.driver system property; for more information, see https://docs.microsoft.com/en-us/microsoft-edge/webdriver-chromium/. The latest version can be downloaded from https://developer.microsoft.com/en-us/microsoft-edge/tools/webdriver/">
      <![CDATA[java.lang.IllegalStateException: The path to the driver executable The path to the driver executable must be set by the webdriver.edge.driver system property; for more information, see https://docs.microsoft.com/en-us/microsoft-edge/webdriver-chromium/. The latest version can be downloaded from https://developer.microsoft.com/en-us/microsoft-edge/tools/webdriver/
at org.openqa.selenium.internal.Require$StateChecker.nonNull(Require.java:314)
at org.openqa.selenium.remote.service.DriverService.findExecutable(DriverService.java:149)
at org.openqa.selenium.edge.EdgeDriverService.access$000(EdgeDriverService.java:41)
at org.openqa.selenium.edge.EdgeDriverService$Builder.findDefaultExecutable(EdgeDriverService.java:244)
at org.openqa.selenium.remote.service.DriverService$Builder.build(DriverService.java:456)
at org.openqa.selenium.edge.EdgeDriver.<init>(EdgeDriver.java:46)
at org.openqa.selenium.edge.EdgeDriver.<init>(EdgeDriver.java:42)
at crossBrowserParallelExecution.BaseClass.methodSetup(BaseClass.java:28)
at java.base/java.util.ArrayList.forEach(ArrayList.java:1511)
at java.base/java.util.concurrent.FutureTask.run(FutureTask.java:264)
at java.base/java.util.concurrent.ThreadPoolExecutor.runWorker(ThreadPoolExecutor.java:1136)
at java.base/java.util.concurrent.ThreadPoolExecutor$Worker.run(ThreadPoolExecutor.java:635)
at java.base/java.lang.Thread.run(Thread.java:833)
... Removed 22 stack frames]]>
    </failure>
  </testcase> <!-- @BeforeMethod methodSetup -->
  <testcase classname="crossBrowserParallelExecution.BaseClass" name="@AfterMethod methodTeardown" time="-1.675955363983E9">
    <skipped/>
  </testcase> <!-- @AfterMethod methodTeardown -->
  <testcase classname="crossBrowserParallelExecution.SeleniumTest" name="seleniumPageTest" time="0.0">
    <skipped/>
  </testcase> <!-- seleniumPageTest -->
  <testcase classname="crossBrowserParallelExecution.SwiggyTest" name="swiggyPageTest" time="3.588"/>
</testsuite> <!-- Test3 -->
