<?xml version="1.0" encoding="UTF-8"?>
<!-- Generated by org.testng.reporters.JUnitXMLReporter -->
<testsuite ignored="0" hostname="INBOOK_X1_SLIM" failures="0" tests="6" name="Test Runner 3" time="0.169" errors="0" timestamp="2023-03-27T15:50:57 IST">
  <testcase classname="distributtedParallelExecution.Test5" name="demo1" time="0.012"/>
  <testcase classname="distributtedParallelExecution.Test5" name="demo2" time="0.001"/>
  <testcase classname="distributtedParallelExecution.Test5" name="demo3" time="0.002"/>
  <testcase classname="distributtedParallelExecution.Test6" name="demo1" time="0.002"/>
  <testcase classname="distributtedParallelExecution.Test6" name="demo2" time="0.008"/>
  <testcase classname="distributtedParallelExecution.Test6" name="demo3" time="0.005"/>
</testsuite> <!-- Test Runner 3 -->
