<?xml version="1.0" encoding="UTF-8"?>
<!-- Generated by org.testng.reporters.JUnitXMLReporter -->
<testsuite ignored="0" hostname="INBOOK_X1_SLIM" failures="0" tests="6" name="Test Runner 1" time="0.144" errors="0" timestamp="2023-03-27T15:50:57 IST">
  <testcase classname="distributtedParallelExecution.Test1" name="demo1" time="0.012"/>
  <testcase classname="distributtedParallelExecution.Test1" name="demo2" time="0.001"/>
  <testcase classname="distributtedParallelExecution.Test1" name="demo3" time="0.026"/>
  <testcase classname="distributtedParallelExecution.Test2" name="demo1" time="0.002"/>
  <testcase classname="distributtedParallelExecution.Test2" name="demo2" time="0.002"/>
  <testcase classname="distributtedParallelExecution.Test2" name="demo3" time="0.004"/>
</testsuite> <!-- Test Runner 1 -->
